#
# There is insufficient memory for the Java Runtime Environment to continue.
# Native memory allocation (malloc) failed to allocate 32784 bytes for Chunk::new
# Possible reasons:
#   The system is out of physical RAM or swap space
#   The process is running with CompressedOops enabled, and the Java Heap may be blocking the growth of the native heap
# Possible solutions:
#   Reduce memory load on the system
#   Increase physical memory or swap space
#   Check if swap backing store is full
#   Decrease Java heap size (-Xmx/-Xms)
#   Decrease number of Java threads
#   Decrease Java thread stack sizes (-Xss)
#   Set larger code cache with -XX:ReservedCodeCacheSize=
#   JVM is running with Unscaled Compressed Oops mode in which the Java heap is
#     placed in the first 4GB address space. The Java Heap base address is the
#     maximum limit for the native heap growth. Please use -XX:HeapBaseMinAddress
#     to set the Java Heap base and to place the Java Heap above 4GB virtual address.
# This output file may be truncated or incomplete.
#
#  Out of Memory Error (arena.cpp:189), pid=11752, tid=10672
#
# JRE version: OpenJDK Runtime Environment Temurin-17.0.5+8 (17.0.5+8) (build 17.0.5+8)
# Java VM: OpenJDK 64-Bit Server VM Temurin-17.0.5+8 (17.0.5+8, mixed mode, tiered, compressed oops, compressed class ptrs, g1 gc, windows-amd64)
# No core dump will be written. Minidumps are not enabled by default on client versions of Windows
#

---------------  S U M M A R Y ------------

Command Line: -Dfile.encoding=UTF-8 -XX:+ShowCodeDetailsInExceptionMessages store.LoginForm

Host: Intel(R) Core(TM) i5-6300U CPU @ 2.40GHz, 4 cores, 7G,  Windows 10 , 64 bit Build 19041 (10.0.19041.3155)
Time: Sun Jul 16 19:10:07 2023 Pacific Daylight Time elapsed time: 9329.566310 seconds (0d 2h 35m 29s)

---------------  T H R E A D  ---------------

Current thread (0x000001e9d67fcf50):  JavaThread "C2 CompilerThread0" daemon [_thread_in_native, id=10672, stack(0x000000e823600000,0x000000e823700000)]


Current CompileTask:
C2:9329566 1534       4       java.awt.EventQueue::dispatchEvent (80 bytes)

Stack: [0x000000e823600000,0x000000e823700000]
Native frames: (J=compiled Java code, j=interpreted, Vv=VM code, C=native code)
V  [jvm.dll+0x676b3a]
V  [jvm.dll+0x831444]
V  [jvm.dll+0x832bee]
V  [jvm.dll+0x833253]
V  [jvm.dll+0x244ce5]
V  [jvm.dll+0xabbac]
V  [jvm.dll+0xac17c]
V  [jvm.dll+0xabcbb]
V  [jvm.dll+0x69baa8]
V  [jvm.dll+0x1a7ac3]
V  [jvm.dll+0x69a261]
V  [jvm.dll+0x21fcb8]
V  [jvm.dll+0x219539]
V  [jvm.dll+0x216e6b]
V  [jvm.dll+0x1a343d]
V  [jvm.dll+0x22698a]
V  [jvm.dll+0x224ac5]
V  [jvm.dll+0x7e727b]
V  [jvm.dll+0x7e17ea]
V  [jvm.dll+0x6759e5]
C  [ucrtbase.dll+0x21bb2]
C  [KERNEL32.DLL+0x17614]
C  [ntdll.dll+0x526b1]


---------------  P R O C E S S  ---------------

Threads class SMR info:
_java_thread_list=0x000001e9d7ba52c0, length=17, elements={
0x000001e9d67e87e0, 0x000001e9d67ea2f0, 0x000001e9d67d26f0, 0x000001e9d67d31b0,
0x000001e9d67d3b60, 0x000001e9d67d4510, 0x000001e9d67fcf50, 0x000001e9d680cb30,
0x000001e9d747b070, 0x000001e9d757ab30, 0x000001e9d7595420, 0x000001e9d7830f70,
0x000001e9d78343d0, 0x000001e9d79595e0, 0x000001e9d795b2c0, 0x000001e9d7959ab0,
0x000001e9d795b790
}

Java Threads: ( => current thread )
  0x000001e9d67e87e0 JavaThread "Reference Handler" daemon [_thread_blocked, id=13032, stack(0x000000e823000000,0x000000e823100000)]
  0x000001e9d67ea2f0 JavaThread "Finalizer" daemon [_thread_blocked, id=4128, stack(0x000000e823100000,0x000000e823200000)]
  0x000001e9d67d26f0 JavaThread "Signal Dispatcher" daemon [_thread_blocked, id=1156, stack(0x000000e823200000,0x000000e823300000)]
  0x000001e9d67d31b0 JavaThread "Attach Listener" daemon [_thread_blocked, id=19664, stack(0x000000e823300000,0x000000e823400000)]
  0x000001e9d67d3b60 JavaThread "Service Thread" daemon [_thread_blocked, id=1632, stack(0x000000e823400000,0x000000e823500000)]
  0x000001e9d67d4510 JavaThread "Monitor Deflation Thread" daemon [_thread_blocked, id=7548, stack(0x000000e823500000,0x000000e823600000)]
=>0x000001e9d67fcf50 JavaThread "C2 CompilerThread0" daemon [_thread_in_native, id=10672, stack(0x000000e823600000,0x000000e823700000)]
  0x000001e9d680cb30 JavaThread "C1 CompilerThread0" daemon [_thread_blocked, id=21644, stack(0x000000e823700000,0x000000e823800000)]
  0x000001e9d747b070 JavaThread "Sweeper thread" daemon [_thread_blocked, id=21240, stack(0x000000e823800000,0x000000e823900000)]
  0x000001e9d757ab30 JavaThread "Notification Thread" daemon [_thread_blocked, id=9576, stack(0x000000e823900000,0x000000e823a00000)]
  0x000001e9d7595420 JavaThread "Common-Cleaner" daemon [_thread_blocked, id=17208, stack(0x000000e823b00000,0x000000e823c00000)]
  0x000001e9d7830f70 JavaThread "Java2D Disposer" daemon [_thread_blocked, id=16776, stack(0x000000e823c00000,0x000000e823d00000)]
  0x000001e9d78343d0 JavaThread "AWT-Windows" daemon [_thread_in_native, id=20328, stack(0x000000e823e00000,0x000000e823f00000)]
  0x000001e9d79595e0 JavaThread "TimerQueue" daemon [_thread_blocked, id=14620, stack(0x000000e824200000,0x000000e824300000)]
  0x000001e9d795b2c0 JavaThread "AWT-Shutdown" [_thread_blocked, id=6732, stack(0x000000e824300000,0x000000e824400000)]
  0x000001e9d7959ab0 JavaThread "AWT-EventQueue-0" [_thread_blocked, id=15432, stack(0x000000e824800000,0x000000e824900000)]
  0x000001e9d795b790 JavaThread "DestroyJavaVM" [_thread_blocked, id=12408, stack(0x000000e822900000,0x000000e822a00000)]

Other Threads:
  0x000001e9d676cee0 VMThread "VM Thread" [stack: 0x000000e822f00000,0x000000e823000000] [id=11616]
  0x000001e9d757b000 WatcherThread [stack: 0x000000e823a00000,0x000000e823b00000] [id=6836]
  0x000001e9bd152420 GCTaskThread "GC Thread#0" [stack: 0x000000e822a00000,0x000000e822b00000] [id=6052]
  0x000001e9d7b5f300 GCTaskThread "GC Thread#1" [stack: 0x000000e823d00000,0x000000e823e00000] [id=16380]
  0x000001e9d7b053b0 GCTaskThread "GC Thread#2" [stack: 0x000000e824000000,0x000000e824100000] [id=15328]
  0x000001e9d7ab3e10 GCTaskThread "GC Thread#3" [stack: 0x000000e824100000,0x000000e824200000] [id=15524]
  0x000001e9bd162fa0 ConcurrentGCThread "G1 Main Marker" [stack: 0x000000e822b00000,0x000000e822c00000] [id=4940]
  0x000001e9bd164290 ConcurrentGCThread "G1 Conc#0" [stack: 0x000000e822c00000,0x000000e822d00000] [id=12492]
  0x000001e9d6620090 ConcurrentGCThread "G1 Refine#0" [stack: 0x000000e822d00000,0x000000e822e00000] [id=2936]
  0x000001e9d6621250 ConcurrentGCThread "G1 Service" [stack: 0x000000e822e00000,0x000000e822f00000] [id=9984]

Threads with active compile tasks:
C2 CompilerThread0  9329634 1534       4       java.awt.EventQueue::dispatchEvent (80 bytes)

VM state: not at safepoint (normal execution)

VM Mutex/Monitor currently owned by a thread: None

Heap address: 0x0000000081e00000, size: 2018 MB, Compressed Oops mode: 32-bit

CDS archive(s) not mapped
Compressed class space mapped at: 0x0000000100000000-0x0000000140000000, reserved size: 1073741824
Narrow klass base: 0x0000000000000000, Narrow klass shift: 3, Narrow klass range: 0x140000000

GC Precious Log:
 CPUs: 4 total, 4 available
 Memory: 8071M
 Large Page Support: Disabled
 NUMA Support: Disabled
 Compressed Oops: Enabled (32-bit)
 Heap Region Size: 1M
 Heap Min Capacity: 8M
 Heap Initial Capacity: 128M
 Heap Max Capacity: 2018M
 Pre-touch: Disabled
 Parallel Workers: 4
 Concurrent Workers: 1
 Concurrent Refinement Workers: 4
 Periodic GC: Disabled

Heap:
 garbage-first heap   total 131072K, used 22221K [0x0000000081e00000, 0x0000000100000000)
  region size 1024K, 7 young (7168K), 1 survivors (1024K)
 Metaspace       used 16957K, committed 17152K, reserved 1064960K
  class space    used 1711K, committed 1856K, reserved 1048576K

Heap Regions: E=young(eden), S=young(survivor), O=old, HS=humongous(starts), HC=humongous(continues), CS=collection set, F=free, OA=open archive, CA=closed archive, TAMS=top-at-mark-start (previous, next)
|   0|0x0000000081e00000, 0x0000000081f00000, 0x0000000081f00000|100%|HS|  |TAMS 0x0000000081e00000, 0x0000000081e00000| Complete 
|   1|0x0000000081f00000, 0x0000000082000000, 0x0000000082000000|100%|HC|  |TAMS 0x0000000081f00000, 0x0000000081f00000| Complete 
|   2|0x0000000082000000, 0x0000000082100000, 0x0000000082100000|100%| O|  |TAMS 0x0000000082000000, 0x0000000082000000| Untracked 
|   3|0x0000000082100000, 0x0000000082200000, 0x0000000082200000|100%|HS|  |TAMS 0x0000000082100000, 0x0000000082100000| Complete 
|   4|0x0000000082200000, 0x0000000082300000, 0x0000000082300000|100%|HC|  |TAMS 0x0000000082200000, 0x0000000082200000| Complete 
|   5|0x0000000082300000, 0x0000000082400000, 0x0000000082400000|100%| O|  |TAMS 0x0000000082300000, 0x0000000082300000| Untracked 
|   6|0x0000000082400000, 0x0000000082477000, 0x0000000082500000| 46%| O|  |TAMS 0x0000000082400000, 0x0000000082400000| Untracked 
|   7|0x0000000082500000, 0x0000000082600000, 0x0000000082600000|100%|HS|  |TAMS 0x0000000082500000, 0x0000000082500000| Complete 
|   8|0x0000000082600000, 0x0000000082700000, 0x0000000082700000|100%|HC|  |TAMS 0x0000000082600000, 0x0000000082600000| Complete 
|   9|0x0000000082700000, 0x0000000082800000, 0x0000000082800000|100%|HS|  |TAMS 0x0000000082700000, 0x0000000082700000| Complete 
|  10|0x0000000082800000, 0x0000000082900000, 0x0000000082900000|100%|HC|  |TAMS 0x0000000082800000, 0x0000000082800000| Complete 
|  11|0x0000000082900000, 0x0000000082a00000, 0x0000000082a00000|100%|HS|  |TAMS 0x0000000082900000, 0x0000000082900000| Complete 
|  12|0x0000000082a00000, 0x0000000082b00000, 0x0000000082b00000|100%|HC|  |TAMS 0x0000000082a00000, 0x0000000082a00000| Complete 
|  13|0x0000000082b00000, 0x0000000082c00000, 0x0000000082c00000|100%|HS|  |TAMS 0x0000000082b00000, 0x0000000082b00000| Complete 
|  14|0x0000000082c00000, 0x0000000082d00000, 0x0000000082d00000|100%|HC|  |TAMS 0x0000000082c00000, 0x0000000082c00000| Complete 
|  15|0x0000000082d00000, 0x0000000082e00000, 0x0000000082e00000|100%|HS|  |TAMS 0x0000000082d00000, 0x0000000082d00000| Complete 
|  16|0x0000000082e00000, 0x0000000082f00000, 0x0000000082f00000|100%|HC|  |TAMS 0x0000000082e00000, 0x0000000082e00000| Complete 
|  17|0x0000000082f00000, 0x0000000082f00000, 0x0000000083000000|  0%| F|  |TAMS 0x0000000082f00000, 0x0000000082f00000| Untracked 
|  18|0x0000000083000000, 0x0000000083000000, 0x0000000083100000|  0%| F|  |TAMS 0x0000000083000000, 0x0000000083000000| Untracked 
|  19|0x0000000083100000, 0x0000000083100000, 0x0000000083200000|  0%| F|  |TAMS 0x0000000083100000, 0x0000000083100000| Untracked 
|  20|0x0000000083200000, 0x0000000083200000, 0x0000000083300000|  0%| F|  |TAMS 0x0000000083200000, 0x0000000083200000| Untracked 
|  21|0x0000000083300000, 0x0000000083300000, 0x0000000083400000|  0%| F|  |TAMS 0x0000000083300000, 0x0000000083300000| Untracked 
|  22|0x0000000083400000, 0x0000000083400000, 0x0000000083500000|  0%| F|  |TAMS 0x0000000083400000, 0x0000000083400000| Untracked 
|  23|0x0000000083500000, 0x0000000083500000, 0x0000000083600000|  0%| F|  |TAMS 0x0000000083500000, 0x0000000083500000| Untracked 
|  24|0x0000000083600000, 0x0000000083600000, 0x0000000083700000|  0%| F|  |TAMS 0x0000000083600000, 0x0000000083600000| Untracked 
|  25|0x0000000083700000, 0x0000000083700000, 0x0000000083800000|  0%| F|  |TAMS 0x0000000083700000, 0x0000000083700000| Untracked 
|  26|0x0000000083800000, 0x0000000083800000, 0x0000000083900000|  0%| F|  |TAMS 0x0000000083800000, 0x0000000083800000| Untracked 
|  27|0x0000000083900000, 0x0000000083900000, 0x0000000083a00000|  0%| F|  |TAMS 0x0000000083900000, 0x0000000083900000| Untracked 
|  28|0x0000000083a00000, 0x0000000083a00000, 0x0000000083b00000|  0%| F|  |TAMS 0x0000000083a00000, 0x0000000083a00000| Untracked 
|  29|0x0000000083b00000, 0x0000000083b00000, 0x0000000083c00000|  0%| F|  |TAMS 0x0000000083b00000, 0x0000000083b00000| Untracked 
|  30|0x0000000083c00000, 0x0000000083c00000, 0x0000000083d00000|  0%| F|  |TAMS 0x0000000083c00000, 0x0000000083c00000| Untracked 
|  31|0x0000000083d00000, 0x0000000083d00000, 0x0000000083e00000|  0%| F|  |TAMS 0x0000000083d00000, 0x0000000083d00000| Untracked 
|  32|0x0000000083e00000, 0x0000000083e00000, 0x0000000083f00000|  0%| F|  |TAMS 0x0000000083e00000, 0x0000000083e00000| Untracked 
|  33|0x0000000083f00000, 0x0000000083f00000, 0x0000000084000000|  0%| F|  |TAMS 0x0000000083f00000, 0x0000000083f00000| Untracked 
|  34|0x0000000084000000, 0x0000000084000000, 0x0000000084100000|  0%| F|  |TAMS 0x0000000084000000, 0x0000000084000000| Untracked 
|  35|0x0000000084100000, 0x0000000084100000, 0x0000000084200000|  0%| F|  |TAMS 0x0000000084100000, 0x0000000084100000| Untracked 
|  36|0x0000000084200000, 0x0000000084200000, 0x0000000084300000|  0%| F|  |TAMS 0x0000000084200000, 0x0000000084200000| Untracked 
|  37|0x0000000084300000, 0x0000000084300000, 0x0000000084400000|  0%| F|  |TAMS 0x0000000084300000, 0x0000000084300000| Untracked 
|  38|0x0000000084400000, 0x0000000084400000, 0x0000000084500000|  0%| F|  |TAMS 0x0000000084400000, 0x0000000084400000| Untracked 
|  39|0x0000000084500000, 0x0000000084500000, 0x0000000084600000|  0%| F|  |TAMS 0x0000000084500000, 0x0000000084500000| Untracked 
|  40|0x0000000084600000, 0x0000000084600000, 0x0000000084700000|  0%| F|  |TAMS 0x0000000084600000, 0x0000000084600000| Untracked 
|  41|0x0000000084700000, 0x0000000084700000, 0x0000000084800000|  0%| F|  |TAMS 0x0000000084700000, 0x0000000084700000| Untracked 
|  42|0x0000000084800000, 0x0000000084800000, 0x0000000084900000|  0%| F|  |TAMS 0x0000000084800000, 0x0000000084800000| Untracked 
|  43|0x0000000084900000, 0x0000000084900000, 0x0000000084a00000|  0%| F|  |TAMS 0x0000000084900000, 0x0000000084900000| Untracked 
|  44|0x0000000084a00000, 0x0000000084a00000, 0x0000000084b00000|  0%| F|  |TAMS 0x0000000084a00000, 0x0000000084a00000| Untracked 
|  45|0x0000000084b00000, 0x0000000084b00000, 0x0000000084c00000|  0%| F|  |TAMS 0x0000000084b00000, 0x0000000084b00000| Untracked 
|  46|0x0000000084c00000, 0x0000000084c00000, 0x0000000084d00000|  0%| F|  |TAMS 0x0000000084c00000, 0x0000000084c00000| Untracked 
|  47|0x0000000084d00000, 0x0000000084d00000, 0x0000000084e00000|  0%| F|  |TAMS 0x0000000084d00000, 0x0000000084d00000| Untracked 
|  48|0x0000000084e00000, 0x0000000084e00000, 0x0000000084f00000|  0%| F|  |TAMS 0x0000000084e00000, 0x0000000084e00000| Untracked 
|  49|0x0000000084f00000, 0x0000000084f00000, 0x0000000085000000|  0%| F|  |TAMS 0x0000000084f00000, 0x0000000084f00000| Untracked 
|  50|0x0000000085000000, 0x0000000085000000, 0x0000000085100000|  0%| F|  |TAMS 0x0000000085000000, 0x0000000085000000| Untracked 
|  51|0x0000000085100000, 0x000000008513c628, 0x0000000085200000| 23%| S|CS|TAMS 0x0000000085100000, 0x0000000085100000| Complete 
|  52|0x0000000085200000, 0x0000000085200000, 0x0000000085300000|  0%| F|  |TAMS 0x0000000085200000, 0x0000000085200000| Untracked 
|  53|0x0000000085300000, 0x0000000085300000, 0x0000000085400000|  0%| F|  |TAMS 0x0000000085300000, 0x0000000085300000| Untracked 
|  54|0x0000000085400000, 0x0000000085400000, 0x0000000085500000|  0%| F|  |TAMS 0x0000000085400000, 0x0000000085400000| Untracked 
|  55|0x0000000085500000, 0x0000000085500000, 0x0000000085600000|  0%| F|  |TAMS 0x0000000085500000, 0x0000000085500000| Untracked 
|  56|0x0000000085600000, 0x0000000085600000, 0x0000000085700000|  0%| F|  |TAMS 0x0000000085600000, 0x0000000085600000| Untracked 
|  57|0x0000000085700000, 0x0000000085700000, 0x0000000085800000|  0%| F|  |TAMS 0x0000000085700000, 0x0000000085700000| Untracked 
|  58|0x0000000085800000, 0x0000000085800000, 0x0000000085900000|  0%| F|  |TAMS 0x0000000085800000, 0x0000000085800000| Untracked 
|  59|0x0000000085900000, 0x0000000085900000, 0x0000000085a00000|  0%| F|  |TAMS 0x0000000085900000, 0x0000000085900000| Untracked 
|  60|0x0000000085a00000, 0x0000000085a00000, 0x0000000085b00000|  0%| F|  |TAMS 0x0000000085a00000, 0x0000000085a00000| Untracked 
|  61|0x0000000085b00000, 0x0000000085b00000, 0x0000000085c00000|  0%| F|  |TAMS 0x0000000085b00000, 0x0000000085b00000| Untracked 
|  62|0x0000000085c00000, 0x0000000085c00000, 0x0000000085d00000|  0%| F|  |TAMS 0x0000000085c00000, 0x0000000085c00000| Untracked 
|  63|0x0000000085d00000, 0x0000000085d00000, 0x0000000085e00000|  0%| F|  |TAMS 0x0000000085d00000, 0x0000000085d00000| Untracked 
|  64|0x0000000085e00000, 0x0000000085e00000, 0x0000000085f00000|  0%| F|  |TAMS 0x0000000085e00000, 0x0000000085e00000| Untracked 
|  65|0x0000000085f00000, 0x0000000085f00000, 0x0000000086000000|  0%| F|  |TAMS 0x0000000085f00000, 0x0000000085f00000| Untracked 
|  66|0x0000000086000000, 0x0000000086000000, 0x0000000086100000|  0%| F|  |TAMS 0x0000000086000000, 0x0000000086000000| Untracked 
|  67|0x0000000086100000, 0x0000000086100000, 0x0000000086200000|  0%| F|  |TAMS 0x0000000086100000, 0x0000000086100000| Untracked 
|  68|0x0000000086200000, 0x0000000086200000, 0x0000000086300000|  0%| F|  |TAMS 0x0000000086200000, 0x0000000086200000| Untracked 
|  69|0x0000000086300000, 0x0000000086300000, 0x0000000086400000|  0%| F|  |TAMS 0x0000000086300000, 0x0000000086300000| Untracked 
|  70|0x0000000086400000, 0x0000000086400000, 0x0000000086500000|  0%| F|  |TAMS 0x0000000086400000, 0x0000000086400000| Untracked 
|  71|0x0000000086500000, 0x0000000086500000, 0x0000000086600000|  0%| F|  |TAMS 0x0000000086500000, 0x0000000086500000| Untracked 
|  72|0x0000000086600000, 0x0000000086600000, 0x0000000086700000|  0%| F|  |TAMS 0x0000000086600000, 0x0000000086600000| Untracked 
|  73|0x0000000086700000, 0x0000000086700000, 0x0000000086800000|  0%| F|  |TAMS 0x0000000086700000, 0x0000000086700000| Untracked 
|  74|0x0000000086800000, 0x0000000086800000, 0x0000000086900000|  0%| F|  |TAMS 0x0000000086800000, 0x0000000086800000| Untracked 
|  75|0x0000000086900000, 0x0000000086900000, 0x0000000086a00000|  0%| F|  |TAMS 0x0000000086900000, 0x0000000086900000| Untracked 
|  76|0x0000000086a00000, 0x0000000086a00000, 0x0000000086b00000|  0%| F|  |TAMS 0x0000000086a00000, 0x0000000086a00000| Untracked 
|  77|0x0000000086b00000, 0x0000000086b00000, 0x0000000086c00000|  0%| F|  |TAMS 0x0000000086b00000, 0x0000000086b00000| Untracked 
|  78|0x0000000086c00000, 0x0000000086c00000, 0x0000000086d00000|  0%| F|  |TAMS 0x0000000086c00000, 0x0000000086c00000| Untracked 
|  79|0x0000000086d00000, 0x0000000086d00000, 0x0000000086e00000|  0%| F|  |TAMS 0x0000000086d00000, 0x0000000086d00000| Untracked 
|  80|0x0000000086e00000, 0x0000000086e00000, 0x0000000086f00000|  0%| F|  |TAMS 0x0000000086e00000, 0x0000000086e00000| Untracked 
|  81|0x0000000086f00000, 0x0000000086f00000, 0x0000000087000000|  0%| F|  |TAMS 0x0000000086f00000, 0x0000000086f00000| Untracked 
|  82|0x0000000087000000, 0x0000000087000000, 0x0000000087100000|  0%| F|  |TAMS 0x0000000087000000, 0x0000000087000000| Untracked 
|  83|0x0000000087100000, 0x0000000087100000, 0x0000000087200000|  0%| F|  |TAMS 0x0000000087100000, 0x0000000087100000| Untracked 
|  84|0x0000000087200000, 0x0000000087200000, 0x0000000087300000|  0%| F|  |TAMS 0x0000000087200000, 0x0000000087200000| Untracked 
|  85|0x0000000087300000, 0x0000000087300000, 0x0000000087400000|  0%| F|  |TAMS 0x0000000087300000, 0x0000000087300000| Untracked 
|  86|0x0000000087400000, 0x0000000087400000, 0x0000000087500000|  0%| F|  |TAMS 0x0000000087400000, 0x0000000087400000| Untracked 
|  87|0x0000000087500000, 0x0000000087500000, 0x0000000087600000|  0%| F|  |TAMS 0x0000000087500000, 0x0000000087500000| Untracked 
|  88|0x0000000087600000, 0x0000000087600000, 0x0000000087700000|  0%| F|  |TAMS 0x0000000087600000, 0x0000000087600000| Untracked 
|  89|0x0000000087700000, 0x0000000087700000, 0x0000000087800000|  0%| F|  |TAMS 0x0000000087700000, 0x0000000087700000| Untracked 
|  90|0x0000000087800000, 0x0000000087800000, 0x0000000087900000|  0%| F|  |TAMS 0x0000000087800000, 0x0000000087800000| Untracked 
|  91|0x0000000087900000, 0x0000000087900000, 0x0000000087a00000|  0%| F|  |TAMS 0x0000000087900000, 0x0000000087900000| Untracked 
|  92|0x0000000087a00000, 0x0000000087a00000, 0x0000000087b00000|  0%| F|  |TAMS 0x0000000087a00000, 0x0000000087a00000| Untracked 
|  93|0x0000000087b00000, 0x0000000087b00000, 0x0000000087c00000|  0%| F|  |TAMS 0x0000000087b00000, 0x0000000087b00000| Untracked 
|  94|0x0000000087c00000, 0x0000000087c00000, 0x0000000087d00000|  0%| F|  |TAMS 0x0000000087c00000, 0x0000000087c00000| Untracked 
|  95|0x0000000087d00000, 0x0000000087d00000, 0x0000000087e00000|  0%| F|  |TAMS 0x0000000087d00000, 0x0000000087d00000| Untracked 
|  96|0x0000000087e00000, 0x0000000087e00000, 0x0000000087f00000|  0%| F|  |TAMS 0x0000000087e00000, 0x0000000087e00000| Untracked 
|  97|0x0000000087f00000, 0x0000000087f00000, 0x0000000088000000|  0%| F|  |TAMS 0x0000000087f00000, 0x0000000087f00000| Untracked 
|  98|0x0000000088000000, 0x0000000088000000, 0x0000000088100000|  0%| F|  |TAMS 0x0000000088000000, 0x0000000088000000| Untracked 
|  99|0x0000000088100000, 0x0000000088100000, 0x0000000088200000|  0%| F|  |TAMS 0x0000000088100000, 0x0000000088100000| Untracked 
| 100|0x0000000088200000, 0x0000000088200000, 0x0000000088300000|  0%| F|  |TAMS 0x0000000088200000, 0x0000000088200000| Untracked 
| 101|0x0000000088300000, 0x0000000088300000, 0x0000000088400000|  0%| F|  |TAMS 0x0000000088300000, 0x0000000088300000| Untracked 
| 102|0x0000000088400000, 0x0000000088400000, 0x0000000088500000|  0%| F|  |TAMS 0x0000000088400000, 0x0000000088400000| Untracked 
| 103|0x0000000088500000, 0x0000000088500000, 0x0000000088600000|  0%| F|  |TAMS 0x0000000088500000, 0x0000000088500000| Untracked 
| 104|0x0000000088600000, 0x0000000088600000, 0x0000000088700000|  0%| F|  |TAMS 0x0000000088600000, 0x0000000088600000| Untracked 
| 105|0x0000000088700000, 0x0000000088700000, 0x0000000088800000|  0%| F|  |TAMS 0x0000000088700000, 0x0000000088700000| Untracked 
| 106|0x0000000088800000, 0x0000000088800000, 0x0000000088900000|  0%| F|  |TAMS 0x0000000088800000, 0x0000000088800000| Untracked 
| 107|0x0000000088900000, 0x0000000088900000, 0x0000000088a00000|  0%| F|  |TAMS 0x0000000088900000, 0x0000000088900000| Untracked 
| 108|0x0000000088a00000, 0x0000000088a00000, 0x0000000088b00000|  0%| F|  |TAMS 0x0000000088a00000, 0x0000000088a00000| Untracked 
| 109|0x0000000088b00000, 0x0000000088b00000, 0x0000000088c00000|  0%| F|  |TAMS 0x0000000088b00000, 0x0000000088b00000| Untracked 
| 110|0x0000000088c00000, 0x0000000088c00000, 0x0000000088d00000|  0%| F|  |TAMS 0x0000000088c00000, 0x0000000088c00000| Untracked 
| 111|0x0000000088d00000, 0x0000000088d00000, 0x0000000088e00000|  0%| F|  |TAMS 0x0000000088d00000, 0x0000000088d00000| Untracked 
| 112|0x0000000088e00000, 0x0000000088e00000, 0x0000000088f00000|  0%| F|  |TAMS 0x0000000088e00000, 0x0000000088e00000| Untracked 
| 113|0x0000000088f00000, 0x0000000088f00000, 0x0000000089000000|  0%| F|  |TAMS 0x0000000088f00000, 0x0000000088f00000| Untracked 
| 114|0x0000000089000000, 0x0000000089000000, 0x0000000089100000|  0%| F|  |TAMS 0x0000000089000000, 0x0000000089000000| Untracked 
| 115|0x0000000089100000, 0x0000000089100000, 0x0000000089200000|  0%| F|  |TAMS 0x0000000089100000, 0x0000000089100000| Untracked 
| 116|0x0000000089200000, 0x0000000089200000, 0x0000000089300000|  0%| F|  |TAMS 0x0000000089200000, 0x0000000089200000| Untracked 
| 117|0x0000000089300000, 0x0000000089300000, 0x0000000089400000|  0%| F|  |TAMS 0x0000000089300000, 0x0000000089300000| Untracked 
| 118|0x0000000089400000, 0x0000000089400000, 0x0000000089500000|  0%| F|  |TAMS 0x0000000089400000, 0x0000000089400000| Untracked 
| 119|0x0000000089500000, 0x0000000089500000, 0x0000000089600000|  0%| F|  |TAMS 0x0000000089500000, 0x0000000089500000| Untracked 
| 120|0x0000000089600000, 0x0000000089600000, 0x0000000089700000|  0%| F|  |TAMS 0x0000000089600000, 0x0000000089600000| Untracked 
| 121|0x0000000089700000, 0x0000000089700000, 0x0000000089800000|  0%| F|  |TAMS 0x0000000089700000, 0x0000000089700000| Untracked 
| 122|0x0000000089800000, 0x00000000898c0888, 0x0000000089900000| 75%| E|  |TAMS 0x0000000089800000, 0x0000000089800000| Complete 
| 123|0x0000000089900000, 0x0000000089a00000, 0x0000000089a00000|100%| E|CS|TAMS 0x0000000089900000, 0x0000000089900000| Complete 
| 124|0x0000000089a00000, 0x0000000089b00000, 0x0000000089b00000|100%| E|CS|TAMS 0x0000000089a00000, 0x0000000089a00000| Complete 
| 125|0x0000000089b00000, 0x0000000089c00000, 0x0000000089c00000|100%| E|CS|TAMS 0x0000000089b00000, 0x0000000089b00000| Complete 
| 126|0x0000000089c00000, 0x0000000089d00000, 0x0000000089d00000|100%| E|CS|TAMS 0x0000000089c00000, 0x0000000089c00000| Complete 
| 127|0x0000000089d00000, 0x0000000089e00000, 0x0000000089e00000|100%| E|CS|TAMS 0x0000000089d00000, 0x0000000089d00000| Complete 

Card table byte_map: [0x000001e9cfbc0000,0x000001e9cffc0000] _byte_map_base: 0x000001e9cf7b1000

Marking Bits (Prev, Next): (CMBitMap*) 0x000001e9bd152a30, (CMBitMap*) 0x000001e9bd152a70
 Prev Bits: [0x000001e9d03c0000, 0x000001e9d2348000)
 Next Bits: [0x000001e9d2350000, 0x000001e9d42d8000)

Polling page: 0x000001e9bc8d0000

Metaspace:

Usage:
  Non-class:     14.89 MB used.
      Class:      1.67 MB used.
       Both:     16.56 MB used.

Virtual space:
  Non-class space:       16.00 MB reserved,      14.94 MB ( 93%) committed,  2 nodes.
      Class space:        1.00 GB reserved,       1.81 MB ( <1%) committed,  1 nodes.
             Both:        1.02 GB reserved,      16.75 MB (  2%) committed. 

Chunk freelists:
   Non-Class:  1.00 MB
       Class:  2.24 MB
        Both:  3.24 MB

MaxMetaspaceSize: unlimited
CompressedClassSpaceSize: 1.00 GB
Initial GC threshold: 21.00 MB
Current GC threshold: 21.00 MB
CDS: off
MetaspaceReclaimPolicy: balanced
 - commit_granule_bytes: 65536.
 - commit_granule_words: 8192.
 - virtual_space_node_default_size: 1048576.
 - enlarge_chunks_in_place: 1.
 - new_chunks_are_fully_committed: 0.
 - uncommit_free_chunks: 1.
 - use_allocation_guard: 0.
 - handle_deallocations: 1.


Internal statistics:

num_allocs_failed_limit: 0.
num_arena_births: 124.
num_arena_deaths: 0.
num_vsnodes_births: 3.
num_vsnodes_deaths: 0.
num_space_committed: 268.
num_space_uncommitted: 0.
num_chunks_returned_to_freelist: 0.
num_chunks_taken_from_freelist: 181.
num_chunk_merges: 0.
num_chunk_splits: 105.
num_chunks_enlarged: 64.
num_purges: 0.
num_inconsistent_stats: 0.

CodeHeap 'non-profiled nmethods': size=120000Kb used=519Kb max_used=519Kb free=119480Kb
 bounds [0x000001e9c8290000, 0x000001e9c8500000, 0x000001e9cf7c0000]
CodeHeap 'profiled nmethods': size=120000Kb used=2652Kb max_used=2652Kb free=117347Kb
 bounds [0x000001e9c0d60000, 0x000001e9c1000000, 0x000001e9c8290000]
CodeHeap 'non-nmethods': size=5760Kb used=1284Kb max_used=1350Kb free=4475Kb
 bounds [0x000001e9c07c0000, 0x000001e9c0a30000, 0x000001e9c0d60000]
 total_blobs=2147 nmethods=1533 adapters=527
 compilation: enabled
              stopped_count=0, restarted_count=0
 full_count=0

Compilation events (20 events):
Event: 5515.120 Thread 0x000001e9d67fcf50 nmethod 1524 0x000001e9c82fef90 code [0x000001e9c82ff180, 0x000001e9c82fff28]
Event: 6220.004 Thread 0x000001e9d67fcf50 1525   !   4       javax.swing.RepaintManager::addDirtyRegion0 (205 bytes)
Event: 6220.415 Thread 0x000001e9d67fcf50 nmethod 1525 0x000001e9c8300810 code [0x000001e9c8300dc0, 0x000001e9c83075a8]
Event: 7009.559 Thread 0x000001e9d67fcf50 1526   !   4       jdk.internal.logger.LazyLoggers$LazyLoggerAccessor::platform (103 bytes)
Event: 7009.579 Thread 0x000001e9d67fcf50 nmethod 1526 0x000001e9c830a910 code [0x000001e9c830aac0, 0x000001e9c830b2b0]
Event: 7011.562 Thread 0x000001e9d67fcf50 1527       4       jdk.internal.logger.LazyLoggers$LazyLoggerWrapper::platformProxy (10 bytes)
Event: 7011.596 Thread 0x000001e9d67fcf50 nmethod 1527 0x000001e9c830b490 code [0x000001e9c830b640, 0x000001e9c830be70]
Event: 7011.596 Thread 0x000001e9d67fcf50 1528       4       jdk.internal.logger.SimpleConsoleLogger::isLoggable (29 bytes)
Event: 7011.601 Thread 0x000001e9d67fcf50 nmethod 1528 0x000001e9c830c090 code [0x000001e9c830c220, 0x000001e9c830c338]
Event: 7015.571 Thread 0x000001e9d67fcf50 1529       4       jdk.internal.logger.AbstractLoggerWrapper::isLoggable (26 bytes)
Event: 7015.594 Thread 0x000001e9d67fcf50 nmethod 1529 0x000001e9c830c490 code [0x000001e9c830c660, 0x000001e9c830cfd0]
Event: 8069.912 Thread 0x000001e9d67fcf50 1530       4       javax.swing.RepaintManager::currentManager (37 bytes)
Event: 8069.918 Thread 0x000001e9d67fcf50 nmethod 1530 0x000001e9c830d310 code [0x000001e9c830d4a0, 0x000001e9c830d568]
Event: 8202.503 Thread 0x000001e9d67fcf50 1531       4       java.security.ProtectionDomain$JavaSecurityAccessImpl::getCombinedACC (30 bytes)
Event: 8202.530 Thread 0x000001e9d67fcf50 nmethod 1531 0x000001e9c830d690 code [0x000001e9c830d840, 0x000001e9c830db98]
Event: 9052.222 Thread 0x000001e9d67fcf50 1532   !   4       java.awt.EventQueue::postEventPrivate (104 bytes)
Event: 9052.417 Thread 0x000001e9d67fcf50 nmethod 1532 0x000001e9c830df90 code [0x000001e9c830e220, 0x000001e9c830ff10]
Event: 9283.213 Thread 0x000001e9d67fcf50 1533   !   4       java.awt.EventQueue::setCurrentEventAndMostRecentTimeImpl (191 bytes)
Event: 9283.274 Thread 0x000001e9d67fcf50 nmethod 1533 0x000001e9c8310e90 code [0x000001e9c8311060, 0x000001e9c8311828]
Event: 9329.427 Thread 0x000001e9d67fcf50 1534       4       java.awt.EventQueue::dispatchEvent (80 bytes)

GC Heap History (6 events):
Event: 3.245 GC heap before
{Heap before GC invocations=0 (full 0):
 garbage-first heap   total 131072K, used 15360K [0x0000000081e00000, 0x0000000100000000)
  region size 1024K, 13 young (13312K), 0 survivors (0K)
 Metaspace       used 14815K, committed 14976K, reserved 1064960K
  class space    used 1500K, committed 1536K, reserved 1048576K
}
Event: 3.251 GC heap after
{Heap after GC invocations=1 (full 0):
 garbage-first heap   total 131072K, used 4570K [0x0000000081e00000, 0x0000000100000000)
  region size 1024K, 2 young (2048K), 2 survivors (2048K)
 Metaspace       used 14815K, committed 14976K, reserved 1064960K
  class space    used 1500K, committed 1536K, reserved 1048576K
}
Event: 3.364 GC heap before
{Heap before GC invocations=1 (full 0):
 garbage-first heap   total 131072K, used 21978K [0x0000000081e00000, 0x0000000100000000)
  region size 1024K, 17 young (17408K), 2 survivors (2048K)
 Metaspace       used 14820K, committed 14976K, reserved 1064960K
  class space    used 1501K, committed 1536K, reserved 1048576K
}
Event: 3.368 GC heap after
{Heap after GC invocations=2 (full 0):
 garbage-first heap   total 131072K, used 7025K [0x0000000081e00000, 0x0000000100000000)
  region size 1024K, 1 young (1024K), 1 survivors (1024K)
 Metaspace       used 14820K, committed 14976K, reserved 1064960K
  class space    used 1501K, committed 1536K, reserved 1048576K
}
Event: 4.073 GC heap before
{Heap before GC invocations=2 (full 0):
 garbage-first heap   total 131072K, used 92017K [0x0000000081e00000, 0x0000000100000000)
  region size 1024K, 76 young (77824K), 1 survivors (1024K)
 Metaspace       used 15988K, committed 16192K, reserved 1064960K
  class space    used 1638K, committed 1792K, reserved 1048576K
}
Event: 4.074 GC heap after
{Heap after GC invocations=3 (full 0):
 garbage-first heap   total 131072K, used 15053K [0x0000000081e00000, 0x0000000100000000)
  region size 1024K, 1 young (1024K), 1 survivors (1024K)
 Metaspace       used 15988K, committed 16192K, reserved 1064960K
  class space    used 1638K, committed 1792K, reserved 1048576K
}

Dll operation events (9 events):
Event: 0.024 Loaded shared library C:\Users\Admin\.p2\pool\plugins\org.eclipse.justj.openjdk.hotspot.jre.full.win32.x86_64_17.0.5.v20221102-0933\jre\bin\java.dll
Event: 0.565 Loaded shared library C:\Users\Admin\.p2\pool\plugins\org.eclipse.justj.openjdk.hotspot.jre.full.win32.x86_64_17.0.5.v20221102-0933\jre\bin\jimage.dll
Event: 0.749 Loaded shared library C:\Users\Admin\.p2\pool\plugins\org.eclipse.justj.openjdk.hotspot.jre.full.win32.x86_64_17.0.5.v20221102-0933\jre\bin\awt.dll
Event: 2.189 Loaded shared library C:\Users\Admin\.p2\pool\plugins\org.eclipse.justj.openjdk.hotspot.jre.full.win32.x86_64_17.0.5.v20221102-0933\jre\bin\zip.dll
Event: 2.519 Loaded shared library C:\Users\Admin\.p2\pool\plugins\org.eclipse.justj.openjdk.hotspot.jre.full.win32.x86_64_17.0.5.v20221102-0933\jre\bin\freetype.dll
Event: 2.528 Loaded shared library C:\Users\Admin\.p2\pool\plugins\org.eclipse.justj.openjdk.hotspot.jre.full.win32.x86_64_17.0.5.v20221102-0933\jre\bin\fontmanager.dll
Event: 2.699 Loaded shared library C:\Users\Admin\.p2\pool\plugins\org.eclipse.justj.openjdk.hotspot.jre.full.win32.x86_64_17.0.5.v20221102-0933\jre\bin\net.dll
Event: 2.703 Loaded shared library C:\Users\Admin\.p2\pool\plugins\org.eclipse.justj.openjdk.hotspot.jre.full.win32.x86_64_17.0.5.v20221102-0933\jre\bin\nio.dll
Event: 3.159 Loaded shared library C:\Users\Admin\.p2\pool\plugins\org.eclipse.justj.openjdk.hotspot.jre.full.win32.x86_64_17.0.5.v20221102-0933\jre\bin\javajpeg.dll

Deoptimization events (20 events):
Event: 3.207 Thread 0x000001e9bd0f7080 DEOPT PACKING pc=0x000001e9c0ec5dd8 sp=0x000000e8229fe230
Event: 3.207 Thread 0x000001e9bd0f7080 DEOPT UNPACKING pc=0x000001e9c0812b43 sp=0x000000e8229fd708 mode 0
Event: 3.207 Thread 0x000001e9bd0f7080 DEOPT PACKING pc=0x000001e9c0ec5dd8 sp=0x000000e8229fe230
Event: 3.208 Thread 0x000001e9bd0f7080 DEOPT UNPACKING pc=0x000001e9c0812b43 sp=0x000000e8229fd708 mode 0
Event: 3.208 Thread 0x000001e9bd0f7080 DEOPT PACKING pc=0x000001e9c0ec5dd8 sp=0x000000e8229fe230
Event: 3.208 Thread 0x000001e9bd0f7080 DEOPT UNPACKING pc=0x000001e9c0812b43 sp=0x000000e8229fd708 mode 0
Event: 3.208 Thread 0x000001e9bd0f7080 DEOPT PACKING pc=0x000001e9c0ec5dd8 sp=0x000000e8229fe230
Event: 3.208 Thread 0x000001e9bd0f7080 DEOPT UNPACKING pc=0x000001e9c0812b43 sp=0x000000e8229fd708 mode 0
Event: 3.208 Thread 0x000001e9bd0f7080 DEOPT PACKING pc=0x000001e9c0ec5dd8 sp=0x000000e8229fe230
Event: 3.209 Thread 0x000001e9bd0f7080 DEOPT UNPACKING pc=0x000001e9c0812b43 sp=0x000000e8229fd708 mode 0
Event: 3.209 Thread 0x000001e9bd0f7080 DEOPT PACKING pc=0x000001e9c0ec5dd8 sp=0x000000e8229fe230
Event: 3.209 Thread 0x000001e9bd0f7080 DEOPT UNPACKING pc=0x000001e9c0812b43 sp=0x000000e8229fd708 mode 0
Event: 4.184 Thread 0x000001e9d7959ab0 Uncommon trap: trap_request=0xffffff45 fr.pc=0x000001e9c82d3734 relative=0x00000000000004f4
Event: 4.184 Thread 0x000001e9d7959ab0 Uncommon trap: reason=unstable_if action=reinterpret pc=0x000001e9c82d3734 method=java.lang.StringLatin1.toLowerCase(Ljava/lang/String;[BLjava/util/Locale;)Ljava/lang/String; @ 43 c2
Event: 4.184 Thread 0x000001e9d7959ab0 DEOPT PACKING pc=0x000001e9c82d3734 sp=0x000000e8248fcd80
Event: 4.184 Thread 0x000001e9d7959ab0 DEOPT UNPACKING pc=0x000001e9c08123a3 sp=0x000000e8248fccf0 mode 2
Event: 4.225 Thread 0x000001e9d7959ab0 Uncommon trap: trap_request=0xffffff45 fr.pc=0x000001e9c82c11bc relative=0x00000000000004bc
Event: 4.225 Thread 0x000001e9d7959ab0 Uncommon trap: reason=unstable_if action=reinterpret pc=0x000001e9c82c11bc method=java.util.concurrent.ConcurrentHashMap.get(Ljava/lang/Object;)Ljava/lang/Object; @ 76 c2
Event: 4.225 Thread 0x000001e9d7959ab0 DEOPT PACKING pc=0x000001e9c82c11bc sp=0x000000e8248fd430
Event: 4.225 Thread 0x000001e9d7959ab0 DEOPT UNPACKING pc=0x000001e9c08123a3 sp=0x000000e8248fd3d8 mode 2

Classes unloaded (0 events):
No events

Classes redefined (0 events):
No events

Internal exceptions (14 events):
Event: 0.700 Thread 0x000001e9bd0f7080 Exception <a 'java/lang/ClassNotFoundException'{0x0000000089c37bd8}: sun/awt/resources/spi/awtProvider> (0x0000000089c37bd8) 
thrown [s\src\hotspot\share\classfile\systemDictionary.cpp, line 256]
Event: 0.844 Thread 0x000001e9bd0f7080 Exception <a 'java/io/FileNotFoundException'{0x0000000089c92b78}> (0x0000000089c92b78) 
thrown [s\src\hotspot\share\prims\jni.cpp, line 516]
Event: 1.314 Thread 0x000001e9bd0f7080 Exception <a 'java/io/FileNotFoundException'{0x0000000089cbfb58}> (0x0000000089cbfb58) 
thrown [s\src\hotspot\share\prims\jni.cpp, line 516]
Event: 1.818 Thread 0x000001e9bd0f7080 Exception <a 'java/lang/NoSuchMethodError'{0x0000000089b11270}: 'java.lang.Object java.lang.invoke.DirectMethodHandle$Holder.invokeStaticInit(java.lang.Object)'> (0x0000000089b11270) 
thrown [s\src\hotspot\share\interpreter\linkResolver.cpp, line 759]
Event: 1.924 Thread 0x000001e9bd0f7080 Exception <a 'java/lang/NoSuchMethodError'{0x0000000089b9dc10}: 'void java.lang.invoke.DirectMethodHandle$Holder.invokeSpecial(java.lang.Object, java.lang.Object, java.lang.Object)'> (0x0000000089b9dc10) 
thrown [s\src\hotspot\share\interpreter\linkResolver.cpp, line 759]
Event: 1.956 Thread 0x000001e9bd0f7080 Exception <a 'java/lang/NoSuchMethodError'{0x0000000089bc7cd8}: 'java.lang.Object java.lang.invoke.DirectMethodHandle$Holder.newInvokeSpecial(java.lang.Object, java.lang.Object, java.lang.Object, java.lang.Object, java.lang.Object)'> (0x0000000089bc7cd8) 
thrown [s\src\hotspot\share\interpreter\linkResolver.cpp, line 759]
Event: 1.964 Thread 0x000001e9bd0f7080 Exception <a 'java/lang/NoSuchMethodError'{0x0000000089bd3940}: 'java.lang.Object java.lang.invoke.DirectMethodHandle$Holder.invokeStatic(java.lang.Object, int, java.lang.Object, java.lang.Object, java.lang.Object, java.lang.Object)'> (0x0000000089bd3940) 
thrown [s\src\hotspot\share\interpreter\linkResolver.cpp, line 759]
Event: 1.978 Thread 0x000001e9bd0f7080 Exception <a 'java/lang/NoSuchMethodError'{0x0000000089bf9100}: 'java.lang.Object java.lang.invoke.DirectMethodHandle$Holder.invokeStatic(java.lang.Object, int, java.lang.Object)'> (0x0000000089bf9100) 
thrown [s\src\hotspot\share\interpreter\linkResolver.cpp, line 759]
Event: 2.106 Thread 0x000001e9bd0f7080 Exception <a 'java/lang/ClassNotFoundException'{0x0000000089ab1568}: com/sun/swing/internal/plaf/metal/resources/spi/metalProvider> (0x0000000089ab1568) 
thrown [s\src\hotspot\share\classfile\systemDictionary.cpp, line 256]
Event: 2.109 Thread 0x000001e9bd0f7080 Exception <a 'java/lang/ClassNotFoundException'{0x0000000089ab5440}: com/sun/swing/internal/plaf/basic/resources/spi/basicProvider> (0x0000000089ab5440) 
thrown [s\src\hotspot\share\classfile\systemDictionary.cpp, line 256]
Event: 2.369 Thread 0x000001e9d78ef010 Exception <a 'java/lang/NoSuchMethodError'{0x0000000089829498}: 'java.lang.Object java.lang.invoke.DirectMethodHandle$Holder.newInvokeSpecial(java.lang.Object, java.lang.Object, java.lang.Object, int, int, int, int, int)'> (0x0000000089829498) 
thrown [s\src\hotspot\share\interpreter\linkResolver.cpp, line 759]
Event: 3.037 Thread 0x000001e9bd0f7080 Exception <a 'java/lang/NoSuchMethodError'{0x000000008977cb20}: 'java.lang.Object java.lang.invoke.DirectMethodHandle$Holder.invokeStaticInit(java.lang.Object, int, int, int, int)'> (0x000000008977cb20) 
thrown [s\src\hotspot\share\interpreter\linkResolver.cpp, line 759]
Event: 3.144 Thread 0x000001e9bd0f7080 Exception <a 'java/lang/NoSuchMethodError'{0x000000008963e118}: 'java.lang.Object java.lang.invoke.DirectMethodHandle$Holder.invokeStaticInit(java.lang.Object, java.lang.Object, int, int, int, int)'> (0x000000008963e118) 
thrown [s\src\hotspot\share\interpreter\linkResolver.cpp, line 759]
Event: 3.968 Thread 0x000001e9bd0f7080 Exception <a 'java/lang/NoSuchMethodError'{0x0000000085212370}: 'void java.lang.invoke.DirectMethodHandle$Holder.invokeStaticInit(java.lang.Object)'> (0x0000000085212370) 
thrown [s\src\hotspot\share\interpreter\linkResolver.cpp, line 759]

VM Operations (20 events):
Event: 681.293 Executing VM operation: Cleanup
Event: 681.294 Executing VM operation: Cleanup done
Event: 684.333 Executing VM operation: Cleanup
Event: 684.333 Executing VM operation: Cleanup done
Event: 743.828 Executing VM operation: Cleanup
Event: 743.828 Executing VM operation: Cleanup done
Event: 1669.740 Executing VM operation: Cleanup
Event: 1669.740 Executing VM operation: Cleanup done
Event: 1693.921 Executing VM operation: Cleanup
Event: 1693.921 Executing VM operation: Cleanup done
Event: 2617.168 Executing VM operation: Cleanup
Event: 2617.168 Executing VM operation: Cleanup done
Event: 3684.348 Executing VM operation: Cleanup
Event: 3684.348 Executing VM operation: Cleanup done
Event: 4123.951 Executing VM operation: Cleanup
Event: 4123.951 Executing VM operation: Cleanup done
Event: 7014.372 Executing VM operation: Cleanup
Event: 7014.373 Executing VM operation: Cleanup done
Event: 7018.415 Executing VM operation: Cleanup
Event: 7018.415 Executing VM operation: Cleanup done

Events (20 events):
Event: 4.280 loading class javax/swing/JLayer done
Event: 4.280 loading class javax/swing/JViewport
Event: 4.281 loading class javax/swing/JViewport done
Event: 4.281 loading class javax/swing/text/AbstractDocument$UndoRedoDocumentEvent
Event: 4.282 loading class javax/swing/text/AbstractDocument$UndoRedoDocumentEvent done
Event: 4.282 loading class javax/swing/text/DefaultCaret$1
Event: 4.282 loading class javax/swing/text/DefaultCaret$1 done
Event: 4.282 loading class javax/swing/RepaintManager$3
Event: 4.282 loading class javax/swing/RepaintManager$3 done
Event: 4.792 loading class javax/swing/Timer$1
Event: 4.792 loading class javax/swing/Timer$1 done
Event: 5.896 loading class java/awt/LightweightDispatcher$2
Event: 5.897 loading class java/awt/LightweightDispatcher$2 done
Event: 7.922 Thread 0x000001e9d78ef010 Thread exited: 0x000001e9d78ef010
Event: 679.871 loading class sun/awt/windows/WInputMethod$1
Event: 679.871 loading class sun/awt/windows/WInputMethod$1 done
Event: 679.873 loading class java/awt/font/TextHitInfo
Event: 679.873 loading class java/awt/font/TextHitInfo done
Event: 681.923 loading class java/awt/KeyboardFocusManager$2
Event: 681.923 loading class java/awt/KeyboardFocusManager$2 done


Dynamic libraries:
0x00007ff6f9860000 - 0x00007ff6f986e000 	C:\Users\Admin\.p2\pool\plugins\org.eclipse.justj.openjdk.hotspot.jre.full.win32.x86_64_17.0.5.v20221102-0933\jre\bin\javaw.exe
0x00007ffbbb870000 - 0x00007ffbbba68000 	C:\Windows\SYSTEM32\ntdll.dll
0x00007ffbb9c30000 - 0x00007ffbb9cef000 	C:\Windows\System32\KERNEL32.DLL
0x00007ffbb9370000 - 0x00007ffbb9666000 	C:\Windows\System32\KERNELBASE.dll
0x00007ffbb9670000 - 0x00007ffbb9770000 	C:\Windows\System32\ucrtbase.dll
0x00007ffbb4d20000 - 0x00007ffbb4d37000 	C:\Users\Admin\.p2\pool\plugins\org.eclipse.justj.openjdk.hotspot.jre.full.win32.x86_64_17.0.5.v20221102-0933\jre\bin\jli.dll
0x00007ffbba230000 - 0x00007ffbba3cd000 	C:\Windows\System32\USER32.dll
0x00007ffbb92b0000 - 0x00007ffbb92d2000 	C:\Windows\System32\win32u.dll
0x00007ffbbb630000 - 0x00007ffbbb65c000 	C:\Windows\System32\GDI32.dll
0x00007ffbb90e0000 - 0x00007ffbb91f5000 	C:\Windows\System32\gdi32full.dll
0x00007ffbb9010000 - 0x00007ffbb90ad000 	C:\Windows\System32\msvcp_win.dll
0x00007ffba7c70000 - 0x00007ffba7c89000 	C:\Users\Admin\.p2\pool\plugins\org.eclipse.justj.openjdk.hotspot.jre.full.win32.x86_64_17.0.5.v20221102-0933\jre\bin\VCRUNTIME140.dll
0x00007ffba7190000 - 0x00007ffba742a000 	C:\Windows\WinSxS\amd64_microsoft.windows.common-controls_6595b64144ccf1df_6.0.19041.1110_none_60b5254171f9507e\COMCTL32.dll
0x00007ffbbac70000 - 0x00007ffbbad0e000 	C:\Windows\System32\msvcrt.dll
0x00007ffbbac40000 - 0x00007ffbbac70000 	C:\Windows\System32\IMM32.DLL
0x00007ffbb4e10000 - 0x00007ffbb4e1c000 	C:\Users\Admin\.p2\pool\plugins\org.eclipse.justj.openjdk.hotspot.jre.full.win32.x86_64_17.0.5.v20221102-0933\jre\bin\vcruntime140_1.dll
0x00007ffba7bd0000 - 0x00007ffba7c61000 	C:\Users\Admin\.p2\pool\plugins\org.eclipse.justj.openjdk.hotspot.jre.full.win32.x86_64_17.0.5.v20221102-0933\jre\bin\msvcp140.dll
0x00007ffb5d010000 - 0x00007ffb5dc54000 	C:\Users\Admin\.p2\pool\plugins\org.eclipse.justj.openjdk.hotspot.jre.full.win32.x86_64_17.0.5.v20221102-0933\jre\bin\server\jvm.dll
0x00007ffbb9cf0000 - 0x00007ffbb9d9f000 	C:\Windows\System32\ADVAPI32.dll
0x00007ffbbad10000 - 0x00007ffbbadac000 	C:\Windows\System32\sechost.dll
0x00007ffbba840000 - 0x00007ffbba966000 	C:\Windows\System32\RPCRT4.dll
0x00007ffba0910000 - 0x00007ffba0919000 	C:\Windows\SYSTEM32\WSOCK32.dll
0x00007ffbbaa00000 - 0x00007ffbbaa6b000 	C:\Windows\System32\WS2_32.dll
0x00007ffb9cd60000 - 0x00007ffb9cd87000 	C:\Windows\SYSTEM32\WINMM.dll
0x00007ffbb0640000 - 0x00007ffbb064a000 	C:\Windows\SYSTEM32\VERSION.dll
0x00007ffbb6e00000 - 0x00007ffbb6e12000 	C:\Windows\SYSTEM32\kernel.appcore.dll
0x00007ffbb4d10000 - 0x00007ffbb4d1a000 	C:\Users\Admin\.p2\pool\plugins\org.eclipse.justj.openjdk.hotspot.jre.full.win32.x86_64_17.0.5.v20221102-0933\jre\bin\jimage.dll
0x00007ffba04c0000 - 0x00007ffba06a4000 	C:\Windows\SYSTEM32\DBGHELP.DLL
0x00007ffba0480000 - 0x00007ffba04b4000 	C:\Windows\SYSTEM32\dbgcore.DLL
0x00007ffbb92e0000 - 0x00007ffbb9362000 	C:\Windows\System32\bcryptPrimitives.dll
0x00007ffbb16f0000 - 0x00007ffbb1715000 	C:\Users\Admin\.p2\pool\plugins\org.eclipse.justj.openjdk.hotspot.jre.full.win32.x86_64_17.0.5.v20221102-0933\jre\bin\java.dll
0x00007ffbb0590000 - 0x00007ffbb05a8000 	C:\Users\Admin\.p2\pool\plugins\org.eclipse.justj.openjdk.hotspot.jre.full.win32.x86_64_17.0.5.v20221102-0933\jre\bin\zip.dll
0x00007ffbbaee0000 - 0x00007ffbbb624000 	C:\Windows\System32\SHELL32.dll
0x00007ffbb7000000 - 0x00007ffbb7794000 	C:\Windows\SYSTEM32\windows.storage.dll
0x00007ffbb98d0000 - 0x00007ffbb9c24000 	C:\Windows\System32\combase.dll
0x00007ffbb8990000 - 0x00007ffbb89be000 	C:\Windows\SYSTEM32\Wldp.dll
0x00007ffbbab90000 - 0x00007ffbbac3d000 	C:\Windows\System32\SHCORE.dll
0x00007ffbbb740000 - 0x00007ffbbb795000 	C:\Windows\System32\shlwapi.dll
0x00007ffbb8e80000 - 0x00007ffbb8ea5000 	C:\Windows\SYSTEM32\profapi.dll
0x00007ffb91e10000 - 0x00007ffb91f9e000 	C:\Users\Admin\.p2\pool\plugins\org.eclipse.justj.openjdk.hotspot.jre.full.win32.x86_64_17.0.5.v20221102-0933\jre\bin\awt.dll
0x00007ffbb9e80000 - 0x00007ffbb9f4d000 	C:\Windows\System32\OLEAUT32.dll
0x00007ffbb6730000 - 0x00007ffbb67c1000 	C:\Windows\SYSTEM32\apphelp.dll
0x00007ffbb6b10000 - 0x00007ffbb6b3f000 	C:\Windows\system32\DWMAPI.DLL
0x00007ffbb68e0000 - 0x00007ffbb697e000 	C:\Windows\system32\uxtheme.dll
0x00007ffba87f0000 - 0x00007ffba8915000 	C:\Windows\system32\opengl32.dll
0x00007ffbb36d0000 - 0x00007ffbb36fc000 	C:\Windows\SYSTEM32\GLU32.dll
0x00007ffbbaa70000 - 0x00007ffbbab84000 	C:\Windows\System32\MSCTF.dll
0x00007ffbbadb0000 - 0x00007ffbbaeda000 	C:\Windows\System32\ole32.dll
0x00007ffba7b20000 - 0x00007ffba7ba6000 	C:\Users\Admin\.p2\pool\plugins\org.eclipse.justj.openjdk.hotspot.jre.full.win32.x86_64_17.0.5.v20221102-0933\jre\bin\freetype.dll
0x00007ffb9a530000 - 0x00007ffb9a5f5000 	C:\Users\Admin\.p2\pool\plugins\org.eclipse.justj.openjdk.hotspot.jre.full.win32.x86_64_17.0.5.v20221102-0933\jre\bin\fontmanager.dll
0x00007ffbae540000 - 0x00007ffbae559000 	C:\Users\Admin\.p2\pool\plugins\org.eclipse.justj.openjdk.hotspot.jre.full.win32.x86_64_17.0.5.v20221102-0933\jre\bin\net.dll
0x00007ffbae9b0000 - 0x00007ffbaeaba000 	C:\Windows\SYSTEM32\WINHTTP.dll
0x00007ffbb86f0000 - 0x00007ffbb875a000 	C:\Windows\system32\mswsock.dll
0x00007ffba98d0000 - 0x00007ffba98e5000 	C:\Users\Admin\.p2\pool\plugins\org.eclipse.justj.openjdk.hotspot.jre.full.win32.x86_64_17.0.5.v20221102-0933\jre\bin\nio.dll
0x00007ffbb88e0000 - 0x00007ffbb88f8000 	C:\Windows\SYSTEM32\CRYPTSP.dll
0x00007ffbb7fa0000 - 0x00007ffbb7fd4000 	C:\Windows\system32\rsaenh.dll
0x00007ffbb90b0000 - 0x00007ffbb90d7000 	C:\Windows\System32\bcrypt.dll
0x00007ffbb8e40000 - 0x00007ffbb8e6e000 	C:\Windows\SYSTEM32\USERENV.dll
0x00007ffbb8900000 - 0x00007ffbb890c000 	C:\Windows\SYSTEM32\CRYPTBASE.dll
0x00007ffbb8390000 - 0x00007ffbb83cc000 	C:\Windows\SYSTEM32\IPHLPAPI.DLL
0x00007ffbba990000 - 0x00007ffbba998000 	C:\Windows\System32\NSI.dll
0x00007ffbaec60000 - 0x00007ffbaec77000 	C:\Windows\SYSTEM32\dhcpcsvc6.DLL
0x00007ffbadee0000 - 0x00007ffbadefd000 	C:\Windows\SYSTEM32\dhcpcsvc.DLL
0x00007ffbb83e0000 - 0x00007ffbb84aa000 	C:\Windows\SYSTEM32\DNSAPI.dll
0x00007ffba7af0000 - 0x00007ffba7b1d000 	C:\Users\Admin\.p2\pool\plugins\org.eclipse.justj.openjdk.hotspot.jre.full.win32.x86_64_17.0.5.v20221102-0933\jre\bin\javajpeg.dll
0x00007ffbba180000 - 0x00007ffbba229000 	C:\Windows\System32\clbcatq.dll
0x00007ffbb26d0000 - 0x00007ffbb2884000 	C:\Windows\SYSTEM32\WindowsCodecs.dll
0x00007ffba60a0000 - 0x00007ffba60de000 	C:\Windows\system32\dataexchange.dll
0x00007ffbb5400000 - 0x00007ffbb5663000 	C:\Windows\system32\d3d11.dll
0x00007ffbb5c30000 - 0x00007ffbb5e13000 	C:\Windows\system32\dcomp.dll
0x00007ffbb7800000 - 0x00007ffbb78f3000 	C:\Windows\system32\dxgi.dll
0x00007ffbb2890000 - 0x00007ffbb2a97000 	C:\Windows\system32\twinapi.appcore.dll
0x00007ffba98f0000 - 0x00007ffba99e9000 	C:\Windows\SYSTEM32\textinputframework.dll
0x00007ffbb61a0000 - 0x00007ffbb64fe000 	C:\Windows\System32\CoreUIComponents.dll
0x00007ffbb6600000 - 0x00007ffbb66f2000 	C:\Windows\System32\CoreMessaging.dll
0x00007ffbb80c0000 - 0x00007ffbb80f3000 	C:\Windows\SYSTEM32\ntmarta.dll
0x00007ffbb5ad0000 - 0x00007ffbb5c24000 	C:\Windows\SYSTEM32\wintypes.dll

dbghelp: loaded successfully - version: 4.0.5 - missing functions: none
symbol engine: initialized successfully - sym options: 0x614 - pdb path: .;C:\Users\Admin\.p2\pool\plugins\org.eclipse.justj.openjdk.hotspot.jre.full.win32.x86_64_17.0.5.v20221102-0933\jre\bin;C:\Windows\SYSTEM32;C:\Windows\WinSxS\amd64_microsoft.windows.common-controls_6595b64144ccf1df_6.0.19041.1110_none_60b5254171f9507e;C:\Users\Admin\.p2\pool\plugins\org.eclipse.justj.openjdk.hotspot.jre.full.win32.x86_64_17.0.5.v20221102-0933\jre\bin\server

VM Arguments:
jvm_args: -Dfile.encoding=UTF-8 -XX:+ShowCodeDetailsInExceptionMessages 
java_command: store.LoginForm
java_class_path (initial): C:\Users\Admin\eclipse-workspace\Ecommerce\bin
Launcher Type: SUN_STANDARD

[Global flags]
     intx CICompilerCount                          = 3                                         {product} {ergonomic}
     uint ConcGCThreads                            = 1                                         {product} {ergonomic}
     uint G1ConcRefinementThreads                  = 4                                         {product} {ergonomic}
   size_t G1HeapRegionSize                         = 1048576                                   {product} {ergonomic}
    uintx GCDrainStackTargetSize                   = 64                                        {product} {ergonomic}
   size_t InitialHeapSize                          = 134217728                                 {product} {ergonomic}
   size_t MarkStackSize                            = 4194304                                   {product} {ergonomic}
   size_t MaxHeapSize                              = 2116026368                                {product} {ergonomic}
   size_t MaxNewSize                               = 1268776960                                {product} {ergonomic}
   size_t MinHeapDeltaBytes                        = 1048576                                   {product} {ergonomic}
   size_t MinHeapSize                              = 8388608                                   {product} {ergonomic}
    uintx NonNMethodCodeHeapSize                   = 5832780                                {pd product} {ergonomic}
    uintx NonProfiledCodeHeapSize                  = 122912730                              {pd product} {ergonomic}
    uintx ProfiledCodeHeapSize                     = 122912730                              {pd product} {ergonomic}
    uintx ReservedCodeCacheSize                    = 251658240                              {pd product} {ergonomic}
     bool SegmentedCodeCache                       = true                                      {product} {ergonomic}
     bool ShowCodeDetailsInExceptionMessages       = true                                   {manageable} {command line}
   size_t SoftMaxHeapSize                          = 2116026368                             {manageable} {ergonomic}
     bool UseCompressedClassPointers               = true                           {product lp64_product} {ergonomic}
     bool UseCompressedOops                        = true                           {product lp64_product} {ergonomic}
     bool UseG1GC                                  = true                                      {product} {ergonomic}
     bool UseLargePagesIndividualAllocation        = false                                  {pd product} {ergonomic}

Logging:
Log output configuration:
 #0: stdout all=warning uptime,level,tags
 #1: stderr all=off uptime,level,tags

Environment Variables:
PATH=C:/Users/Admin/.p2/pool/plugins/org.eclipse.justj.openjdk.hotspot.jre.full.win32.x86_64_17.0.5.v20221102-0933/jre/bin/server;C:/Users/Admin/.p2/pool/plugins/org.eclipse.justj.openjdk.hotspot.jre.full.win32.x86_64_17.0.5.v20221102-0933/jre/bin;C:\Program Files (x86)\Common Files\Oracle\Java\javapath;C:\Windows\system32;C:\Windows;C:\Windows\System32\Wbem;C:\Windows\System32\WindowsPowerShell\v1.0\;C:\Windows\System32\OpenSSH\;C:\Users\Admin\AppData\Local\Microsoft\WindowsApps;;C:\Users\Admin\AppData\Local\Programs\Microsoft VS Code\bin;C:\Users\Admin\Desktop;
USERNAME=Admin
OS=Windows_NT
PROCESSOR_IDENTIFIER=Intel64 Family 6 Model 78 Stepping 3, GenuineIntel
TMP=C:\Users\Admin\AppData\Local\Temp
TEMP=C:\Users\Admin\AppData\Local\Temp



---------------  S Y S T E M  ---------------

OS:
 Windows 10 , 64 bit Build 19041 (10.0.19041.3155)
OS uptime: 1 days 22:19 hours

CPU: total 4 (initial active 4) (2 cores per cpu, 2 threads per core) family 6 model 78 stepping 3 microcode 0xcc, cx8, cmov, fxsr, ht, mmx, 3dnowpref, sse, sse2, sse3, ssse3, sse4.1, sse4.2, popcnt, lzcnt, tsc, tscinvbit, avx, avx2, aes, erms, clmul, bmi1, bmi2, rtm, adx, fma, vzeroupper, clflush, clflushopt

Memory: 4k page, system-wide physical 8071M (1032M free)
TotalPageFile size 32647M (AvailPageFile size 0M)
current process WorkingSet (physical memory assigned to process): 31M, peak: 163M
current process commit charge ("private bytes"): 219M, peak: 232M

vm_info: OpenJDK 64-Bit Server VM (17.0.5+8) for windows-amd64 JRE (17.0.5+8), built on Oct 19 2022 04:48:13 by "temurin" with MS VC++ 16.7 (VS2019)

END.
